<?xml version="1.0" encoding="UTF-8"?>
<testng-results skipped="0" failed="1" total="3" passed="2">
  <reporter-output>
  </reporter-output>
  <suite name="Suite" duration-ms="20456" started-at="2018-07-25T06:44:49Z" finished-at="2018-07-25T06:45:10Z">
    <groups>
    </groups>
    <test name="Test1" duration-ms="19486" started-at="2018-07-25T06:44:49Z" finished-at="2018-07-25T06:45:09Z">
      <class name="test.Registration_test">
        <test-method status="PASS" signature="beforeTest()[pri:0, instance:test.Registration_test@271053e1]" name="beforeTest" is-config="true" duration-ms="13173" started-at="2018-07-25T12:14:50Z" finished-at="2018-07-25T12:15:03Z">
          <reporter-output>
          </reporter-output>
        </test-method> <!-- beforeTest -->
        <test-method status="PASS" signature="register_test()[pri:0, instance:test.Registration_test@271053e1]" name="register_test" duration-ms="5443" started-at="2018-07-25T12:15:03Z" finished-at="2018-07-25T12:15:09Z">
          <reporter-output>
          </reporter-output>
        </test-method> <!-- register_test -->
      </class> <!-- test.Registration_test -->
    </test> <!-- Test1 -->
    <test name="Test2" duration-ms="45" started-at="2018-07-25T06:45:10Z" finished-at="2018-07-25T06:45:10Z">
      <class name="utility.LoginTest">
        <test-method status="FAIL" signature="LoginInValid()[pri:0, instance:utility.LoginTest@55d56113]" name="LoginInValid" duration-ms="10" started-at="2018-07-25T12:15:10Z" finished-at="2018-07-25T12:15:10Z">
          <exception class="java.lang.AssertionError">
            <message>
              <![CDATA[expected [Tested123] but found [Tested]]]>
            </message>
            <full-stacktrace>
              <![CDATA[java.lang.AssertionError: expected [Tested123] but found [Tested]
	at org.testng.Assert.fail(Assert.java:94)
	at org.testng.Assert.failNotEquals(Assert.java:494)
	at org.testng.Assert.assertEquals(Assert.java:123)
	at org.testng.Assert.assertEquals(Assert.java:176)
	at org.testng.Assert.assertEquals(Assert.java:186)
	at utility.LoginTest.LoginInValid(LoginTest.java:19)
	at sun.reflect.NativeMethodAccessorImpl.invoke0(Native Method)
	at sun.reflect.NativeMethodAccessorImpl.invoke(Unknown Source)
	at sun.reflect.DelegatingMethodAccessorImpl.invoke(Unknown Source)
	at java.lang.reflect.Method.invoke(Unknown Source)
	at org.testng.internal.MethodInvocationHelper.invokeMethod(MethodInvocationHelper.java:80)
	at org.testng.internal.Invoker.invokeMethod(Invoker.java:714)
	at org.testng.internal.Invoker.invokeTestMethod(Invoker.java:901)
	at org.testng.internal.Invoker.invokeTestMethods(Invoker.java:1231)
	at org.testng.internal.TestMethodWorker.invokeTestMethods(TestMethodWorker.java:127)
	at org.testng.internal.TestMethodWorker.run(TestMethodWorker.java:111)
	at org.testng.TestRunner.privateRun(TestRunner.java:767)
	at org.testng.TestRunner.run(TestRunner.java:617)
	at org.testng.SuiteRunner.runTest(SuiteRunner.java:334)
	at org.testng.SuiteRunner.runSequentially(SuiteRunner.java:329)
	at org.testng.SuiteRunner.privateRun(SuiteRunner.java:291)
	at org.testng.SuiteRunner.run(SuiteRunner.java:240)
	at org.testng.SuiteRunnerWorker.runSuite(SuiteRunnerWorker.java:52)
	at org.testng.SuiteRunnerWorker.run(SuiteRunnerWorker.java:86)
	at org.testng.TestNG.runSuitesSequentially(TestNG.java:1198)
	at org.testng.TestNG.runSuitesLocally(TestNG.java:1123)
	at org.testng.TestNG.run(TestNG.java:1031)
	at org.testng.remote.AbstractRemoteTestNG.run(AbstractRemoteTestNG.java:114)
	at org.testng.remote.RemoteTestNG.initAndRun(RemoteTestNG.java:251)
	at org.testng.remote.RemoteTestNG.main(RemoteTestNG.java:77)
]]>
            </full-stacktrace>
          </exception> <!-- java.lang.AssertionError -->
          <reporter-output>
          </reporter-output>
        </test-method> <!-- LoginInValid -->
        <test-method status="PASS" signature="LoginValid()[pri:0, instance:utility.LoginTest@55d56113]" name="LoginValid" duration-ms="4" started-at="2018-07-25T12:15:10Z" finished-at="2018-07-25T12:15:10Z">
          <reporter-output>
          </reporter-output>
        </test-method> <!-- LoginValid -->
      </class> <!-- utility.LoginTest -->
    </test> <!-- Test2 -->
  </suite> <!-- Suite -->
</testng-results>
